<?xml version="1.0" encoding="UTF-8"?>
<!-- Generated by org.testng.reporters.JUnitReportReporter -->
<testsuite hostname="WINDOWS-CNG2EFT" name="Tests.spotify" tests="3" failures="0" timestamp="19 Aug 2019 20:50:45 GMT" time="46.636" errors="0">
  <testcase name="test03_userSignUp" time="8.474" classname="Tests.spotify"/>
  <testcase name="test01_searchArtist" time="24.989" classname="Tests.spotify"/>
  <testcase name="test02_userLogin" time="13.173" classname="Tests.spotify"/>
</testsuite> <!-- Tests.spotify -->
